<?xml version="1.0" encoding="UTF-8"?>
<testng-results ignored="0" total="1" passed="1" failed="0" skipped="0">
  <reporter-output>
  </reporter-output>
  <suite started-at="2022-09-20T11:14:42 IST" name="Default suite" finished-at="2022-09-20T11:15:00 IST" duration-ms="17822">
    <groups>
    </groups>
    <test started-at="2022-09-20T11:14:42 IST" name="Default test" finished-at="2022-09-20T11:15:00 IST" duration-ms="17822">
      <class name="pom.test">
        <test-method is-config="true" signature="beforeMethod()[pri:0, instance:pom.test@6fdbe764]" started-at="2022-09-20T11:14:42 IST" name="beforeMethod" finished-at="2022-09-20T11:14:50 IST" duration-ms="8287" status="PASS">
          <reporter-output>
          </reporter-output>
        </test-method> <!-- beforeMethod -->
        <test-method signature="login()[pri:0, instance:pom.test@6fdbe764]" started-at="2022-09-20T11:14:50 IST" name="login" finished-at="2022-09-20T11:15:00 IST" duration-ms="9301" status="PASS">
          <reporter-output>
          </reporter-output>
        </test-method> <!-- login -->
        <test-method is-config="true" signature="afterMethod()[pri:0, instance:pom.test@6fdbe764]" started-at="2022-09-20T11:15:00 IST" name="afterMethod" finished-at="2022-09-20T11:15:00 IST" duration-ms="163" status="PASS">
          <reporter-output>
          </reporter-output>
        </test-method> <!-- afterMethod -->
      </class> <!-- pom.test -->
    </test> <!-- Default test -->
  </suite> <!-- Default suite -->
</testng-results>
